<?xml version="1.0" encoding="UTF-8"?>
<!-- Generated by org.testng.reporters.JUnitReportReporter -->
<testsuite hostname="SidraLaptop" failures="0" tests="1" name="Eleven.Eleven.MainClass" time="18.515" errors="0" timestamp="2022-10-03T22:56:16 CDT" skipped="0">
  <testcase classname="Eleven.Eleven.MainClass" name="main" time="18.515"/>
  <system-out/>
</testsuite> <!-- Eleven.Eleven.MainClass -->
